<testsuites id="" name="" tests="1" failures="0" skipped="0" errors="0" time="14.251705">
<testsuite name="Demo3Codegen.spec.ts" timestamp="2026-01-28T03:05:43.403Z" hostname="chromium" tests="1" failures="0" skipped="0" time="12.225" errors="0">
<testcase name="test" classname="Demo3Codegen.spec.ts" time="12.225">
<system-out>
<![CDATA[
[[ATTACHMENT|test-results\Demo3Codegen-test-chromium\test-finished-1.png]]

[[ATTACHMENT|test-results\Demo3Codegen-test-chromium\video.webm]]
]]>
</system-out>
</testcase>
</testsuite>
</testsuites>